#
# There is insufficient memory for the Java Runtime Environment to continue.
# Native memory allocation (malloc) failed to allocate 557456 bytes for Chunk::new
# Possible reasons:
#   The system is out of physical RAM or swap space
#   The process is running with CompressedOops enabled, and the Java Heap may be blocking the growth of the native heap
# Possible solutions:
#   Reduce memory load on the system
#   Increase physical memory or swap space
#   Check if swap backing store is full
#   Decrease Java heap size (-Xmx/-Xms)
#   Decrease number of Java threads
#   Decrease Java thread stack sizes (-Xss)
#   Set larger code cache with -XX:ReservedCodeCacheSize=
#   JVM is running with Unscaled Compressed Oops mode in which the Java heap is
#     placed in the first 4GB address space. The Java Heap base address is the
#     maximum limit for the native heap growth. Please use -XX:HeapBaseMinAddress
#     to set the Java Heap base and to place the Java Heap above 4GB virtual address.
# This output file may be truncated or incomplete.
#
#  Out of Memory Error (t:/workspace/open/src/hotspot/share/memory/arena.cpp:197), pid=8640, tid=12516
#
# JRE version: Java(TM) SE Runtime Environment (12.0.2+10) (build 12.0.2+10)
# Java VM: Java HotSpot(TM) 64-Bit Server VM (12.0.2+10, mixed mode, sharing, tiered, compressed oops, g1 gc, windows-amd64)
# No core dump will be written. Minidumps are not enabled by default on client versions of Windows
#

---------------  S U M M A R Y ------------

Command Line: -Dmaven.home=EMBEDDED -Dclassworlds.conf=C:\Users\HAL02301\eclipse-workspace\.metadata\.plugins\org.eclipse.m2e.launching\launches\m2conf9499552002763633761.tmp -Dmaven.multiModuleProjectDirectory=C:\Users\HAL02301\eclipse-workspace\TillStatusDemo -Dfile.encoding=Cp1252 org.codehaus.plexus.classworlds.launcher.Launcher -B clean

Host: Intel(R) Core(TM) i5-3210M CPU @ 2.50GHz, 4 cores, 3G,  Windows 10 , 64 bit Build 17763 (10.0.17763.475)
Time: Tue Nov 12 11:51:31 2019 GMT Standard Time elapsed time: 9 seconds (0d 0h 0m 9s)

---------------  T H R E A D  ---------------

Current thread (0x000002091bbe2000):  JavaThread "C2 CompilerThread0" daemon [_thread_in_native, id=12516, stack(0x0000006d94b00000,0x0000006d94c00000)]


Current CompileTask:
C2:   9604 1361   !   4       sun.nio.cs.StreamDecoder::read (196 bytes)

Stack: [0x0000006d94b00000,0x0000006d94c00000]
Native frames: (J=compiled Java code, j=interpreted, Vv=VM code, C=native code)
V  [jvm.dll+0x63aa2a]
V  [jvm.dll+0x78ce1e]
V  [jvm.dll+0x78e4c1]
V  [jvm.dll+0x78eb13]
V  [jvm.dll+0x2627e8]
V  [jvm.dll+0xc55cc]
V  [jvm.dll+0xc5b4c]
V  [jvm.dll+0x37a677]
V  [jvm.dll+0x3463d3]
V  [jvm.dll+0x34579a]
V  [jvm.dll+0x21c205]
V  [jvm.dll+0x21b3da]
V  [jvm.dll+0x199a20]
V  [jvm.dll+0x22a744]
V  [jvm.dll+0x228d98]
V  [jvm.dll+0x7512a0]
V  [jvm.dll+0x74a2c8]
V  [jvm.dll+0x639b16]
C  [ucrtbase.dll+0x21ffa]
C  [KERNEL32.DLL+0x17974]
C  [ntdll.dll+0x6a271]


---------------  P R O C E S S  ---------------

Threads class SMR info:
_java_thread_list=0x000002091ce62ae0, length=11, elements={
0x000002097fda3800, 0x000002091bbcb800, 0x000002091bbcd000, 0x000002091bbdf000,
0x000002091bbe1000, 0x000002091bbe2000, 0x000002091bbe9000, 0x000002091bbf3800,
0x000002091c662800, 0x000002091c66f000, 0x000002091cead800
}

Java Threads: ( => current thread )
  0x000002097fda3800 JavaThread "main" [_thread_in_native, id=9188, stack(0x0000006d94000000,0x0000006d94100000)]
  0x000002091bbcb800 JavaThread "Reference Handler" daemon [_thread_blocked, id=10840, stack(0x0000006d94700000,0x0000006d94800000)]
  0x000002091bbcd000 JavaThread "Finalizer" daemon [_thread_blocked, id=12328, stack(0x0000006d94800000,0x0000006d94900000)]
  0x000002091bbdf000 JavaThread "Signal Dispatcher" daemon [_thread_blocked, id=1864, stack(0x0000006d94900000,0x0000006d94a00000)]
  0x000002091bbe1000 JavaThread "Attach Listener" daemon [_thread_blocked, id=11760, stack(0x0000006d94a00000,0x0000006d94b00000)]
=>0x000002091bbe2000 JavaThread "C2 CompilerThread0" daemon [_thread_in_native, id=12516, stack(0x0000006d94b00000,0x0000006d94c00000)]
  0x000002091bbe9000 JavaThread "C1 CompilerThread0" daemon [_thread_blocked, id=25560, stack(0x0000006d94c00000,0x0000006d94d00000)]
  0x000002091bbf3800 JavaThread "Sweeper thread" daemon [_thread_blocked, id=25908, stack(0x0000006d94d00000,0x0000006d94e00000)]
  0x000002091c662800 JavaThread "Service Thread" daemon [_thread_blocked, id=13064, stack(0x0000006d94e00000,0x0000006d94f00000)]
  0x000002091c66f000 JavaThread "Common-Cleaner" daemon [_thread_blocked, id=6304, stack(0x0000006d95000000,0x0000006d95100000)]
  0x000002091cead800 JavaThread "RMI TCP Accept-0" daemon [_thread_in_native, id=11784, stack(0x0000006d95100000,0x0000006d95200000)]

Other Threads:
  0x000002091bbc9000 VMThread "VM Thread" [stack: 0x0000006d94600000,0x0000006d94700000] [id=15544]
  0x000002091c668800 WatcherThread [stack: 0x0000006d94f00000,0x0000006d95000000] [id=15288]
  0x000002097fdcc000 GCTaskThread "GC Thread#0" [stack: 0x0000006d94100000,0x0000006d94200000] [id=6632]
  0x000002091d301000 GCTaskThread "GC Thread#1" [stack: 0x0000006d95200000,0x0000006d95300000] [id=23284]
  0x000002097fde2800 ConcurrentGCThread "G1 Main Marker" [stack: 0x0000006d94200000,0x0000006d94300000] [id=24924]
  0x000002097fde4800 ConcurrentGCThread "G1 Conc#0" [stack: 0x0000006d94300000,0x0000006d94400000] [id=6112]
  0x000002091ba31800 ConcurrentGCThread "G1 Refine#0" [stack: 0x0000006d94400000,0x0000006d94500000] [id=11364]
  0x000002091c800800 ConcurrentGCThread "G1 Refine#1" [stack: 0x0000006d95300000,0x0000006d95400000] [id=11856]
  0x000002091ba32000 ConcurrentGCThread "G1 Young RemSet Sampling" [stack: 0x0000006d94500000,0x0000006d94600000] [id=6156]

Threads with active compile tasks:
C2 CompilerThread0  1361   !   4       sun.nio.cs.StreamDecoder::read (196 bytes)

VM state:not at safepoint (normal execution)

VM Mutex/Monitor currently owned by a thread: None

Heap address: 0x00000000c2200000, size: 990 MB, Compressed Oops mode: 32-bit
Narrow klass base: 0x0000000800000000, Narrow klass shift: 3
Compressed class space size: 1073741824 Address: 0x0000000801190000

Heap:
 garbage-first heap   total 63488K, used 11869K [0x00000000c2200000, 0x0000000100000000)
  region size 1024K, 9 young (9216K), 1 survivors (1024K)
 Metaspace       used 9852K, capacity 10181K, committed 10240K, reserved 1058816K
  class space    used 1156K, capacity 1270K, committed 1280K, reserved 1048576K
Heap Regions: E=young(eden), S=young(survivor), O=old, HS=humongous(starts), HC=humongous(continues), CS=collection set, F=free, A=archive, TAMS=top-at-mark-start (previous, next)
|   0|0x00000000c2200000, 0x00000000c2300000, 0x00000000c2300000|100%| O|  |TAMS 0x00000000c2200000, 0x00000000c2200000| Untracked 
|   1|0x00000000c2300000, 0x00000000c2400000, 0x00000000c2400000|100%| O|  |TAMS 0x00000000c2300000, 0x00000000c2300000| Untracked 
|   2|0x00000000c2400000, 0x00000000c2500000, 0x00000000c2500000|100%| O|  |TAMS 0x00000000c2400000, 0x00000000c2400000| Untracked 
|   3|0x00000000c2500000, 0x00000000c25e0800, 0x00000000c2600000| 87%| O|  |TAMS 0x00000000c2500000, 0x00000000c2500000| Untracked 
|   4|0x00000000c2600000, 0x00000000c2600000, 0x00000000c2700000|  0%| F|  |TAMS 0x00000000c2600000, 0x00000000c2600000| Untracked 
|   5|0x00000000c2700000, 0x00000000c2700000, 0x00000000c2800000|  0%| F|  |TAMS 0x00000000c2700000, 0x00000000c2700000| Untracked 
|   6|0x00000000c2800000, 0x00000000c2800000, 0x00000000c2900000|  0%| F|  |TAMS 0x00000000c2800000, 0x00000000c2800000| Untracked 
|   7|0x00000000c2900000, 0x00000000c2900000, 0x00000000c2a00000|  0%| F|  |TAMS 0x00000000c2900000, 0x00000000c2900000| Untracked 
|   8|0x00000000c2a00000, 0x00000000c2a00000, 0x00000000c2b00000|  0%| F|  |TAMS 0x00000000c2a00000, 0x00000000c2a00000| Untracked 
|   9|0x00000000c2b00000, 0x00000000c2b00000, 0x00000000c2c00000|  0%| F|  |TAMS 0x00000000c2b00000, 0x00000000c2b00000| Untracked 
|  10|0x00000000c2c00000, 0x00000000c2c00000, 0x00000000c2d00000|  0%| F|  |TAMS 0x00000000c2c00000, 0x00000000c2c00000| Untracked 
|  11|0x00000000c2d00000, 0x00000000c2d00000, 0x00000000c2e00000|  0%| F|  |TAMS 0x00000000c2d00000, 0x00000000c2d00000| Untracked 
|  12|0x00000000c2e00000, 0x00000000c2e00000, 0x00000000c2f00000|  0%| F|  |TAMS 0x00000000c2e00000, 0x00000000c2e00000| Untracked 
|  13|0x00000000c2f00000, 0x00000000c2f00000, 0x00000000c3000000|  0%| F|  |TAMS 0x00000000c2f00000, 0x00000000c2f00000| Untracked 
|  14|0x00000000c3000000, 0x00000000c3000000, 0x00000000c3100000|  0%| F|  |TAMS 0x00000000c3000000, 0x00000000c3000000| Untracked 
|  15|0x00000000c3100000, 0x00000000c3100000, 0x00000000c3200000|  0%| F|  |TAMS 0x00000000c3100000, 0x00000000c3100000| Untracked 
|  16|0x00000000c3200000, 0x00000000c3200000, 0x00000000c3300000|  0%| F|  |TAMS 0x00000000c3200000, 0x00000000c3200000| Untracked 
|  17|0x00000000c3300000, 0x00000000c3300000, 0x00000000c3400000|  0%| F|  |TAMS 0x00000000c3300000, 0x00000000c3300000| Untracked 
|  18|0x00000000c3400000, 0x00000000c3400000, 0x00000000c3500000|  0%| F|  |TAMS 0x00000000c3400000, 0x00000000c3400000| Untracked 
|  19|0x00000000c3500000, 0x00000000c3500000, 0x00000000c3600000|  0%| F|  |TAMS 0x00000000c3500000, 0x00000000c3500000| Untracked 
|  20|0x00000000c3600000, 0x00000000c3600000, 0x00000000c3700000|  0%| F|  |TAMS 0x00000000c3600000, 0x00000000c3600000| Untracked 
|  21|0x00000000c3700000, 0x00000000c3700000, 0x00000000c3800000|  0%| F|  |TAMS 0x00000000c3700000, 0x00000000c3700000| Untracked 
|  22|0x00000000c3800000, 0x00000000c3800000, 0x00000000c3900000|  0%| F|  |TAMS 0x00000000c3800000, 0x00000000c3800000| Untracked 
|  23|0x00000000c3900000, 0x00000000c3900000, 0x00000000c3a00000|  0%| F|  |TAMS 0x00000000c3900000, 0x00000000c3900000| Untracked 
|  24|0x00000000c3a00000, 0x00000000c3a00000, 0x00000000c3b00000|  0%| F|  |TAMS 0x00000000c3a00000, 0x00000000c3a00000| Untracked 
|  25|0x00000000c3b00000, 0x00000000c3b00000, 0x00000000c3c00000|  0%| F|  |TAMS 0x00000000c3b00000, 0x00000000c3b00000| Untracked 
|  26|0x00000000c3c00000, 0x00000000c3c00000, 0x00000000c3d00000|  0%| F|  |TAMS 0x00000000c3c00000, 0x00000000c3c00000| Untracked 
|  27|0x00000000c3d00000, 0x00000000c3d00000, 0x00000000c3e00000|  0%| F|  |TAMS 0x00000000c3d00000, 0x00000000c3d00000| Untracked 
|  28|0x00000000c3e00000, 0x00000000c3e00000, 0x00000000c3f00000|  0%| F|  |TAMS 0x00000000c3e00000, 0x00000000c3e00000| Untracked 
|  29|0x00000000c3f00000, 0x00000000c3f00000, 0x00000000c4000000|  0%| F|  |TAMS 0x00000000c3f00000, 0x00000000c3f00000| Untracked 
|  30|0x00000000c4000000, 0x00000000c4000000, 0x00000000c4100000|  0%| F|  |TAMS 0x00000000c4000000, 0x00000000c4000000| Untracked 
|  31|0x00000000c4100000, 0x00000000c4100000, 0x00000000c4200000|  0%| F|  |TAMS 0x00000000c4100000, 0x00000000c4100000| Untracked 
|  32|0x00000000c4200000, 0x00000000c4200000, 0x00000000c4300000|  0%| F|  |TAMS 0x00000000c4200000, 0x00000000c4200000| Untracked 
|  33|0x00000000c4300000, 0x00000000c4300000, 0x00000000c4400000|  0%| F|  |TAMS 0x00000000c4300000, 0x00000000c4300000| Untracked 
|  34|0x00000000c4400000, 0x00000000c4400000, 0x00000000c4500000|  0%| F|  |TAMS 0x00000000c4400000, 0x00000000c4400000| Untracked 
|  35|0x00000000c4500000, 0x00000000c4500000, 0x00000000c4600000|  0%| F|  |TAMS 0x00000000c4500000, 0x00000000c4500000| Untracked 
|  36|0x00000000c4600000, 0x00000000c4600000, 0x00000000c4700000|  0%| F|  |TAMS 0x00000000c4600000, 0x00000000c4600000| Untracked 
|  37|0x00000000c4700000, 0x00000000c4700000, 0x00000000c4800000|  0%| F|  |TAMS 0x00000000c4700000, 0x00000000c4700000| Untracked 
|  38|0x00000000c4800000, 0x00000000c4800000, 0x00000000c4900000|  0%| F|  |TAMS 0x00000000c4800000, 0x00000000c4800000| Untracked 
|  39|0x00000000c4900000, 0x00000000c4900000, 0x00000000c4a00000|  0%| F|  |TAMS 0x00000000c4900000, 0x00000000c4900000| Untracked 
|  40|0x00000000c4a00000, 0x00000000c4a00000, 0x00000000c4b00000|  0%| F|  |TAMS 0x00000000c4a00000, 0x00000000c4a00000| Untracked 
|  41|0x00000000c4b00000, 0x00000000c4b00000, 0x00000000c4c00000|  0%| F|  |TAMS 0x00000000c4b00000, 0x00000000c4b00000| Untracked 
|  42|0x00000000c4c00000, 0x00000000c4cb6ea8, 0x00000000c4d00000| 71%| S|CS|TAMS 0x00000000c4c00000, 0x00000000c4c00000| Complete 
|  43|0x00000000c4d00000, 0x00000000c4d00000, 0x00000000c4e00000|  0%| F|  |TAMS 0x00000000c4d00000, 0x00000000c4d00000| Untracked 
|  44|0x00000000c4e00000, 0x00000000c4e00000, 0x00000000c4f00000|  0%| F|  |TAMS 0x00000000c4e00000, 0x00000000c4e00000| Untracked 
|  45|0x00000000c4f00000, 0x00000000c4f00000, 0x00000000c5000000|  0%| F|  |TAMS 0x00000000c4f00000, 0x00000000c4f00000| Untracked 
|  46|0x00000000c5000000, 0x00000000c5000000, 0x00000000c5100000|  0%| F|  |TAMS 0x00000000c5000000, 0x00000000c5000000| Untracked 
|  47|0x00000000c5100000, 0x00000000c5100000, 0x00000000c5200000|  0%| F|  |TAMS 0x00000000c5100000, 0x00000000c5100000| Untracked 
|  48|0x00000000c5200000, 0x00000000c5200000, 0x00000000c5300000|  0%| F|  |TAMS 0x00000000c5200000, 0x00000000c5200000| Untracked 
|  49|0x00000000c5300000, 0x00000000c5300000, 0x00000000c5400000|  0%| F|  |TAMS 0x00000000c5300000, 0x00000000c5300000| Untracked 
|  50|0x00000000c5400000, 0x00000000c5400000, 0x00000000c5500000|  0%| F|  |TAMS 0x00000000c5400000, 0x00000000c5400000| Untracked 
|  51|0x00000000c5500000, 0x00000000c5500000, 0x00000000c5600000|  0%| F|  |TAMS 0x00000000c5500000, 0x00000000c5500000| Untracked 
|  52|0x00000000c5600000, 0x00000000c5600000, 0x00000000c5700000|  0%| F|  |TAMS 0x00000000c5600000, 0x00000000c5600000| Untracked 
|  53|0x00000000c5700000, 0x00000000c5700000, 0x00000000c5800000|  0%| F|  |TAMS 0x00000000c5700000, 0x00000000c5700000| Untracked 
|  54|0x00000000c5800000, 0x00000000c5880800, 0x00000000c5900000| 50%| E|  |TAMS 0x00000000c5800000, 0x00000000c5800000| Complete 
|  55|0x00000000c5900000, 0x00000000c5a00000, 0x00000000c5a00000|100%| E|CS|TAMS 0x00000000c5900000, 0x00000000c5900000| Complete 
|  56|0x00000000c5a00000, 0x00000000c5b00000, 0x00000000c5b00000|100%| E|CS|TAMS 0x00000000c5a00000, 0x00000000c5a00000| Complete 
|  57|0x00000000c5b00000, 0x00000000c5c00000, 0x00000000c5c00000|100%| E|CS|TAMS 0x00000000c5b00000, 0x00000000c5b00000| Complete 
|  58|0x00000000c5c00000, 0x00000000c5d00000, 0x00000000c5d00000|100%| E|CS|TAMS 0x00000000c5c00000, 0x00000000c5c00000| Complete 
|  59|0x00000000c5d00000, 0x00000000c5e00000, 0x00000000c5e00000|100%| E|CS|TAMS 0x00000000c5d00000, 0x00000000c5d00000| Complete 
|  60|0x00000000c5e00000, 0x00000000c5f00000, 0x00000000c5f00000|100%| E|CS|TAMS 0x00000000c5e00000, 0x00000000c5e00000| Complete 
|  61|0x00000000c5f00000, 0x00000000c6000000, 0x00000000c6000000|100%| E|CS|TAMS 0x00000000c5f00000, 0x00000000c5f00000| Complete 

Card table byte_map: [0x0000020917520000,0x0000020917710000] _byte_map_base: 0x0000020916f0f000

Marking Bits (Prev, Next): (CMBitMap*) 0x000002097fdccc28, (CMBitMap*) 0x000002097fdccc68
 Prev Bits: [0x0000020917900000, 0x0000020918878000)
 Next Bits: [0x0000020918880000, 0x00000209197f8000)

Polling page: 0x000002097f520000

Metaspace:

Usage:
  Non-class:      8.70 MB capacity,     8.51 MB ( 98%) used,   178.61 KB (  2%) free+waste,    22.56 KB ( <1%) overhead. 
      Class:      1.24 MB capacity,     1.13 MB ( 91%) used,    99.97 KB (  8%) free+waste,    11.94 KB ( <1%) overhead. 
       Both:      9.94 MB capacity,     9.64 MB ( 97%) used,   278.58 KB (  3%) free+waste,    34.50 KB ( <1%) overhead. 

Virtual space:
  Non-class space:       10.00 MB reserved,       8.75 MB ( 88%) committed 
      Class space:        1.00 GB reserved,       1.25 MB ( <1%) committed 
             Both:        1.01 GB reserved,      10.00 MB ( <1%) committed 

Chunk freelists:
   Non-Class:  6.13 KB
       Class:  1.25 KB
        Both:  7.38 KB

CodeHeap 'non-profiled nmethods': size=120064Kb used=426Kb max_used=426Kb free=119637Kb
 bounds [0x000002090fdf0000, 0x0000020910060000, 0x0000020917330000]
CodeHeap 'profiled nmethods': size=120000Kb used=3278Kb max_used=3278Kb free=116721Kb
 bounds [0x00000209088c0000, 0x0000020908c00000, 0x000002090fdf0000]
CodeHeap 'non-nmethods': size=5696Kb used=1151Kb max_used=1164Kb free=4544Kb
 bounds [0x0000020908330000, 0x00000209085a0000, 0x00000209088c0000]
 total_blobs=2295 nmethods=1595 adapters=376
 compilation: enabled
              stopped_count=0, restarted_count=0
 full_count=0

Compilation events (10 events):
Event: 9.429 Thread 0x000002091bbe9000 1356   !   3       java.nio.CharBuffer::wrap (20 bytes)
Event: 9.430 Thread 0x000002091bbe9000 nmethod 1356 0x0000020908b84690 code [0x0000020908b84880, 0x0000020908b84ce0]
Event: 9.430 Thread 0x000002091bbe9000 1353       3       java.lang.StringBuilder::charAt (6 bytes)
Event: 9.430 Thread 0x000002091bbe2000 nmethod 1360 0x000002090fe4e910 code [0x000002090fe4eaa0, 0x000002090fe4eb58]
Event: 9.430 Thread 0x000002091bbe2000 1361   !   4       sun.nio.cs.StreamDecoder::read (196 bytes)
Event: 9.430 Thread 0x000002091bbe9000 nmethod 1353 0x0000020908b84f10 code [0x0000020908b850e0, 0x0000020908b85290]
Event: 9.430 Thread 0x000002091bbe9000 1354       3       java.lang.AbstractStringBuilder::charAt (36 bytes)
Event: 9.430 Thread 0x000002091bbe9000 nmethod 1354 0x0000020908b85310 code [0x0000020908b85520, 0x0000020908b859c0]
Event: 9.431 Thread 0x000002091bbe9000 1366       3       org.codehaus.plexus.util.xml.pull.MXParser::isS (30 bytes)
Event: 9.432 Thread 0x000002091bbe9000 nmethod 1366 0x0000020908b85b90 code [0x0000020908b85d60, 0x0000020908b85ff8]

GC Heap History (4 events):
Event: 8.677 GC heap before
{Heap before GC invocations=0 (full 0):
 garbage-first heap   total 63488K, used 14336K [0x00000000c2200000, 0x0000000100000000)
  region size 1024K, 14 young (14336K), 0 survivors (0K)
 Metaspace       used 6548K, capacity 6859K, committed 7040K, reserved 1056768K
  class space    used 714K, capacity 849K, committed 896K, reserved 1048576K
}
Event: 8.687 GC heap after
{Heap after GC invocations=1 (full 0):
 garbage-first heap   total 63488K, used 3663K [0x00000000c2200000, 0x0000000100000000)
  region size 1024K, 2 young (2048K), 2 survivors (2048K)
 Metaspace       used 6548K, capacity 6859K, committed 7040K, reserved 1056768K
  class space    used 714K, capacity 849K, committed 896K, reserved 1048576K
}
Event: 8.888 GC heap before
{Heap before GC invocations=1 (full 0):
 garbage-first heap   total 63488K, used 5711K [0x00000000c2200000, 0x0000000100000000)
  region size 1024K, 4 young (4096K), 2 survivors (2048K)
 Metaspace       used 7009K, capacity 7307K, committed 7424K, reserved 1056768K
  class space    used 767K, capacity 913K, committed 1024K, reserved 1048576K
}
Event: 8.901 GC heap after
{Heap after GC invocations=2 (full 0):
 garbage-first heap   total 63488K, used 4246K [0x00000000c2200000, 0x0000000100000000)
  region size 1024K, 1 young (1024K), 1 survivors (1024K)
 Metaspace       used 7009K, capacity 7307K, committed 7424K, reserved 1056768K
  class space    used 767K, capacity 913K, committed 1024K, reserved 1048576K
}

Deoptimization events (10 events):
Event: 6.263 Thread 0x000002097fda3800 Uncommon trap: reason=bimorphic_or_optimized_type_check action=maybe_recompile pc=0x000002090fe1aa28 method=java.util.HashMap.putVal(ILjava/lang/Object;Ljava/lang/Object;ZZ)Ljava/lang/Object; @ 56 c2
Event: 6.263 Thread 0x000002097fda3800 Uncommon trap: reason=bimorphic_or_optimized_type_check action=maybe_recompile pc=0x000002090fe1aa28 method=java.util.HashMap.putVal(ILjava/lang/Object;Ljava/lang/Object;ZZ)Ljava/lang/Object; @ 56 c2
Event: 6.263 Thread 0x000002097fda3800 Uncommon trap: reason=bimorphic_or_optimized_type_check action=maybe_recompile pc=0x000002090fe1aa28 method=java.util.HashMap.putVal(ILjava/lang/Object;Ljava/lang/Object;ZZ)Ljava/lang/Object; @ 56 c2
Event: 6.263 Thread 0x000002097fda3800 Uncommon trap: reason=bimorphic_or_optimized_type_check action=maybe_recompile pc=0x000002090fe1aa28 method=java.util.HashMap.putVal(ILjava/lang/Object;Ljava/lang/Object;ZZ)Ljava/lang/Object; @ 56 c2
Event: 6.285 Thread 0x000002097fda3800 Uncommon trap: reason=unstable_if action=reinterpret pc=0x000002090fdfc290 method=java.io.WinNTFileSystem.isSlash(C)Z @ 9 c2
Event: 6.689 Thread 0x000002091bbe1000 Uncommon trap: reason=bimorphic_or_optimized_type_check action=maybe_recompile pc=0x000002090fe25814 method=java.util.HashMap.putVal(ILjava/lang/Object;Ljava/lang/Object;ZZ)Ljava/lang/Object; @ 91 c2
Event: 8.082 Thread 0x000002097fda3800 Uncommon trap: reason=unstable_if action=reinterpret pc=0x000002090fdfbcec method=java.lang.StringLatin1.canEncode(I)Z @ 4 c2
Event: 8.082 Thread 0x000002097fda3800 Uncommon trap: reason=unstable_if action=reinterpret pc=0x000002090fe2fc58 method=java.lang.AbstractStringBuilder.isLatin1()Z @ 10 c2
Event: 8.173 Thread 0x000002097fda3800 Uncommon trap: reason=bimorphic_or_optimized_type_check action=maybe_recompile pc=0x000002090fe25814 method=java.util.HashMap.putVal(ILjava/lang/Object;Ljava/lang/Object;ZZ)Ljava/lang/Object; @ 91 c2
Event: 9.386 Thread 0x000002097fda3800 Uncommon trap: reason=unstable_if action=reinterpret pc=0x000002090fe398d8 method=org.codehaus.plexus.util.xml.pull.MXParser.more()C @ 8 c2

Classes redefined (0 events):
No events

Internal exceptions (7 events):
Event: 5.716 Thread 0x000002091bbe1000 Exception <a 'java/lang/NoSuchMethodError'{0x00000000c5c71f30}: java.lang.invoke.DirectMethodHandle$Holder.invokeStaticInit(Ljava/lang/Object;Ljava/lang/Object;Ljava/lang/Object;)Ljava/lang/Object;> (0x00000000c5c71f30) thrown at [t:/workspace/open/src/ho
Event: 5.731 Thread 0x000002091bbe1000 Exception <a 'java/lang/NoSuchMethodError'{0x00000000c5c8b350}: java.lang.invoke.DirectMethodHandle$Holder.invokeInterface(Ljava/lang/Object;Ljava/lang/Object;)I> (0x00000000c5c8b350) thrown at [t:/workspace/open/src/hotspot/share/interpreter/linkResolver
Event: 5.732 Thread 0x000002091bbe1000 Exception <a 'java/lang/IncompatibleClassChangeError'{0x00000000c5c8de58}: Found class java.lang.Object, but interface was expected> (0x00000000c5c8de58) thrown at [t:/workspace/open/src/hotspot/share/interpreter/linkResolver.cpp, line 843]
Event: 6.186 Thread 0x000002097fda3800 Exception <a 'java/lang/NoSuchMethodError'{0x00000000c5982178}: java.lang.invoke.DirectMethodHandle$Holder.invokeSpecialIFC(Ljava/lang/Object;Ljava/lang/Object;I)I> (0x00000000c5982178) thrown at [t:/workspace/open/src/hotspot/share/interpreter/linkResolv
Event: 6.236 Thread 0x000002091bbe1000 Exception <a 'java/lang/NoSuchMethodError'{0x00000000c59d9270}: java.lang.invoke.DirectMethodHandle$Holder.invokeStaticInit(Ljava/lang/Object;IIII)Ljava/lang/Object;> (0x00000000c59d9270) thrown at [t:/workspace/open/src/hotspot/share/interpreter/linkReso
Event: 6.622 Thread 0x000002091bbe1000 Exception <a 'java/lang/NoSuchMethodError'{0x00000000c58e50e8}: java.lang.invoke.DirectMethodHandle$Holder.invokeStaticInit(Ljava/lang/Object;Ljava/lang/Object;IIII)Ljava/lang/Object;> (0x00000000c58e50e8) thrown at [t:/workspace/open/src/hotspot/share/in
Event: 6.675 Thread 0x000002091bbe1000 Exception <a 'java/lang/ClassNotFoundException'{0x00000000c5702d60}: javax/management/remote/rmi/RMIServerImpl_Skel> (0x00000000c5702d60) thrown at [t:/workspace/open/src/hotspot/share/classfile/systemDictionary.cpp, line 235]

Events (10 events):
Event: 9.394 loading class org/sonatype/plexus/components/sec/dispatcher/SecDispatcher
Event: 9.394 loading class org/sonatype/plexus/components/sec/dispatcher/SecDispatcher done
Event: 9.395 loading class org/eclipse/sisu/plexus/PlexusXmlMetadata
Event: 9.395 loading class org/eclipse/sisu/plexus/PlexusXmlMetadata done
Event: 9.397 loading class org/sonatype/plexus/components/cipher/PlexusCipher
Event: 9.397 loading class org/sonatype/plexus/components/cipher/PlexusCipher done
Event: 9.431 loading class org/apache/maven/model/superpom/SuperPomProvider
Event: 9.431 loading class org/apache/maven/model/superpom/SuperPomProvider done
Event: 9.486 loading class org/apache/maven/model/locator/ModelLocator
Event: 9.486 loading class org/apache/maven/model/locator/ModelLocator done


Dynamic libraries:
0x00007ff614e80000 - 0x00007ff614e8f000 	C:\Program Files\Java\jdk-12.0.2\bin\javaw.exe
0x00007ffe29c60000 - 0x00007ffe29e4d000 	C:\windows\SYSTEM32\ntdll.dll
0x00007ffe26f20000 - 0x00007ffe26fd3000 	C:\windows\System32\KERNEL32.DLL
0x00007ffe261e0000 - 0x00007ffe26473000 	C:\windows\System32\KERNELBASE.dll
0x00007ffe28130000 - 0x00007ffe281d3000 	C:\windows\System32\ADVAPI32.DLL
0x00007ffe26e80000 - 0x00007ffe26f1e000 	C:\windows\System32\msvcrt.dll
0x00007ffe27500000 - 0x00007ffe2759e000 	C:\windows\System32\sechost.dll
0x00007ffe27b60000 - 0x00007ffe27c82000 	C:\windows\System32\RPCRT4.dll
0x00007ffe25f00000 - 0x00007ffe25ffa000 	C:\windows\System32\ucrtbase.dll
0x00007ffe1d380000 - 0x00007ffe1d398000 	C:\Program Files\Java\jdk-12.0.2\bin\jli.dll
0x00007ffe27170000 - 0x00007ffe27307000 	C:\windows\System32\USER32.dll
0x00007ffe25d20000 - 0x00007ffe25d40000 	C:\windows\System32\win32u.dll
0x00007ffe27400000 - 0x00007ffe27429000 	C:\windows\System32\GDI32.dll
0x00007ffe26530000 - 0x00007ffe266c9000 	C:\windows\System32\gdi32full.dll
0x00007ffe25d70000 - 0x00007ffe25e10000 	C:\windows\System32\msvcp_win.dll
0x00007ffe15a30000 - 0x00007ffe15a46000 	C:\Program Files\Java\jdk-12.0.2\bin\VCRUNTIME140.dll
0x00007ffe1d990000 - 0x00007ffe1d99a000 	C:\windows\SYSTEM32\VERSION.dll
0x00007ffe16d60000 - 0x00007ffe16fd9000 	C:\windows\WinSxS\amd64_microsoft.windows.common-controls_6595b64144ccf1df_6.0.17763.737_none_05b6437c071e554b\COMCTL32.dll
0x00007ffe27c90000 - 0x00007ffe27fbc000 	C:\windows\System32\combase.dll
0x00007ffe25e10000 - 0x00007ffe25e8e000 	C:\windows\System32\bcryptPrimitives.dll
0x00007ffe28020000 - 0x00007ffe2804e000 	C:\windows\System32\IMM32.DLL
0x0000000068000000 - 0x0000000068066000 	C:\windows\System32\QIPCAP64.dll
0x00007ffe282b0000 - 0x00007ffe297a2000 	C:\windows\System32\SHELL32.dll
0x00007ffe25e90000 - 0x00007ffe25eda000 	C:\windows\System32\cfgmgr32.dll
0x00007ffe27430000 - 0x00007ffe274d8000 	C:\windows\System32\shcore.dll
0x00007ffe266d0000 - 0x00007ffe26e1a000 	C:\windows\System32\windows.storage.dll
0x00007ffe25cd0000 - 0x00007ffe25cf4000 	C:\windows\System32\profapi.dll
0x00007ffe25c50000 - 0x00007ffe25cad000 	C:\windows\System32\powrprof.dll
0x00007ffe27fc0000 - 0x00007ffe28012000 	C:\windows\System32\shlwapi.dll
0x00007ffe25cb0000 - 0x00007ffe25cc1000 	C:\windows\System32\kernel.appcore.dll
0x00007ffe25ee0000 - 0x00007ffe25ef7000 	C:\windows\System32\cryptsp.dll
0x00007ffe24650000 - 0x00007ffe2467a000 	C:\windows\SYSTEM32\MAPI32.dll
0x00007ffe27600000 - 0x00007ffe27755000 	C:\windows\System32\ole32.dll
0x00007ffe251c0000 - 0x00007ffe25286000 	C:\windows\SYSTEM32\DNSAPI.dll
0x00007ffe279c0000 - 0x00007ffe27a2d000 	C:\windows\System32\WS2_32.dll
0x00007ffe26fe0000 - 0x00007ffe26fe8000 	C:\windows\System32\NSI.dll
0x00007ffe25180000 - 0x00007ffe251bd000 	C:\windows\SYSTEM32\IPHLPAPI.DLL
0x00007ffdf9b70000 - 0x00007ffdf9c1a000 	C:\Program Files\Java\jdk-12.0.2\bin\msvcp140.dll
0x00007ffddcf50000 - 0x00007ffdddac7000 	C:\Program Files\Java\jdk-12.0.2\bin\server\jvm.dll
0x000002097f510000 - 0x000002097f518000 	C:\windows\System32\PSAPI.DLL
0x00007ffe23c70000 - 0x00007ffe23c94000 	C:\windows\SYSTEM32\WINMM.dll
0x00007ffe23c40000 - 0x00007ffe23c6d000 	C:\windows\SYSTEM32\WINMMBASE.dll
0x00007ffe1dc20000 - 0x00007ffe1dc29000 	C:\windows\SYSTEM32\WSOCK32.dll
0x00007ffe1a9b0000 - 0x00007ffe1a9c1000 	C:\Program Files\Java\jdk-12.0.2\bin\verify.dll
0x00007ffe1e420000 - 0x00007ffe1e60d000 	C:\windows\SYSTEM32\DBGHELP.DLL
0x00007ffe1d4c0000 - 0x00007ffe1d4ea000 	C:\windows\SYSTEM32\dbgcore.DLL
0x00007ffe15a70000 - 0x00007ffe15a96000 	C:\Program Files\Java\jdk-12.0.2\bin\java.dll
0x00007ffe1a200000 - 0x00007ffe1a217000 	C:\Program Files\Java\jdk-12.0.2\bin\zip.dll
0x00007ffe1d550000 - 0x00007ffe1d55a000 	C:\Program Files\Java\jdk-12.0.2\bin\jimage.dll
0x00007ffe161b0000 - 0x00007ffe161c9000 	C:\Program Files\Java\jdk-12.0.2\bin\net.dll
0x00007ffe1a880000 - 0x00007ffe1a972000 	C:\windows\SYSTEM32\WINHTTP.dll
0x00007ffe18800000 - 0x00007ffe189d7000 	C:\windows\SYSTEM32\urlmon.dll
0x00007ffe18d40000 - 0x00007ffe18fe8000 	C:\windows\SYSTEM32\iertutil.dll
0x00007ffe25630000 - 0x00007ffe2563c000 	C:\windows\SYSTEM32\CRYPTBASE.DLL
0x00007ffe25460000 - 0x00007ffe254c7000 	C:\windows\system32\mswsock.dll
0x00007ffe15a50000 - 0x00007ffe15a63000 	C:\Program Files\Java\jdk-12.0.2\bin\nio.dll
0x00007ffe1a130000 - 0x00007ffe1a13a000 	C:\Windows\System32\rasadhlp.dll
0x00007ffe21070000 - 0x00007ffe210e9000 	C:\windows\System32\fwpuclnt.dll
0x00007ffe25d40000 - 0x00007ffe25d66000 	C:\windows\System32\bcrypt.dll
0x00007ffe1b030000 - 0x00007ffe1b039000 	C:\Program Files\Java\jdk-12.0.2\bin\management.dll
0x00007ffe22370000 - 0x00007ffe2237c000 	C:\Program Files\Java\jdk-12.0.2\bin\management_ext.dll
0x00007ffe24d80000 - 0x00007ffe24db3000 	C:\windows\system32\rsaenh.dll
0x00007ffe25b50000 - 0x00007ffe25b78000 	C:\windows\SYSTEM32\USERENV.dll
0x00007ffe20280000 - 0x00007ffe20296000 	C:\windows\SYSTEM32\dhcpcsvc6.DLL
0x00007ffe20260000 - 0x00007ffe2027c000 	C:\windows\SYSTEM32\dhcpcsvc.DLL
0x00007ffe1df60000 - 0x00007ffe1df76000 	C:\windows\system32\napinsp.dll
0x00007ffe1df90000 - 0x00007ffe1dfaa000 	C:\windows\system32\pnrpnsp.dll
0x00007ffe1e190000 - 0x00007ffe1e19e000 	C:\windows\System32\winrnr.dll
0x00007ffe22270000 - 0x00007ffe2228b000 	C:\windows\system32\NLAapi.dll
0x00007ffe1d1e0000 - 0x00007ffe1d1f5000 	C:\windows\system32\wshbth.dll
0x00007ffe222c0000 - 0x00007ffe222ca000 	C:\Users\HAL02301\AppData\Local\Temp\jansi-1.17.1-9216484571461885425.dll
0x00007ffe1e110000 - 0x00007ffe1e11a000 	C:\Users\HAL02301\AppData\Local\Temp\jansi-1.17.1-5430326515528905071.dll

dbghelp: loaded successfully - version: 4.0.5 - missing functions: none
symbol engine: initialized successfully - sym options: 0x614 - pdb path: .;C:\Program Files\Java\jdk-12.0.2\bin;C:\windows\SYSTEM32;C:\windows\WinSxS\amd64_microsoft.windows.common-controls_6595b64144ccf1df_6.0.17763.737_none_05b6437c071e554b;C:\Program Files\Java\jdk-12.0.2\bin\server;C:\Users\HAL02301\AppData\Local\Temp

VM Arguments:
jvm_args: -Dmaven.home=EMBEDDED -Dclassworlds.conf=C:\Users\HAL02301\eclipse-workspace\.metadata\.plugins\org.eclipse.m2e.launching\launches\m2conf9499552002763633761.tmp -Dmaven.multiModuleProjectDirectory=C:\Users\HAL02301\eclipse-workspace\TillStatusDemo -Dfile.encoding=Cp1252 
java_command: org.codehaus.plexus.classworlds.launcher.Launcher -B clean
java_class_path (initial): C:\Users\HAL02301\.p2\pool\plugins\org.eclipse.m2e.maven.runtime_1.12.0.20190529-1915\jars\plexus-classworlds-2.6.0.jar
Launcher Type: SUN_STANDARD

[Global flags]
     intx CICompilerCount                          = 3                                         {product} {ergonomic}
     uint ConcGCThreads                            = 1                                         {product} {ergonomic}
     uint G1ConcRefinementThreads                  = 4                                         {product} {ergonomic}
   size_t G1HeapRegionSize                         = 1048576                                   {product} {ergonomic}
    uintx GCDrainStackTargetSize                   = 64                                        {product} {ergonomic}
   size_t InitialHeapSize                          = 65011712                                  {product} {ergonomic}
   size_t MarkStackSize                            = 4194304                                   {product} {ergonomic}
   size_t MaxHeapSize                              = 1038090240                                {product} {ergonomic}
   size_t MaxNewSize                               = 622854144                                 {product} {ergonomic}
   size_t MinHeapDeltaBytes                        = 1048576                                   {product} {ergonomic}
    uintx NonNMethodCodeHeapSize                   = 5830732                                {pd product} {ergonomic}
    uintx NonProfiledCodeHeapSize                  = 122913754                              {pd product} {ergonomic}
    uintx ProfiledCodeHeapSize                     = 122913754                              {pd product} {ergonomic}
    uintx ReservedCodeCacheSize                    = 251658240                              {pd product} {ergonomic}
     bool SegmentedCodeCache                       = true                                      {product} {ergonomic}
     bool UseCompressedClassPointers               = true                                 {lp64_product} {ergonomic}
     bool UseCompressedOops                        = true                                 {lp64_product} {ergonomic}
     bool UseG1GC                                  = true                                      {product} {ergonomic}
     bool UseLargePagesIndividualAllocation        = false                                  {pd product} {ergonomic}

Logging:
Log output configuration:
 #0: stdout all=warning uptime,level,tags
 #1: stderr all=off uptime,level,tags

Environment Variables:
PATH=C:/Program Files/Java/jdk-12.0.2/bin/server;C:/Program Files/Java/jdk-12.0.2/bin;C:\app\hal02307aa\product\11.2.0\client_1;C:\ProgramData\Oracle\Java\javapath;C:\windows\system32;C:\windows;C:\windows\System32\Wbem;C:\windows\System32\WindowsPowerShell\v1.0\;C:\windows\System32\OpenSSH\;C:\Program Files (x86)\Microsoft SQL Server\110\Tools\Binn\ManagementStudio\;C:\Program Files (x86)\Microsoft SQL Server\110\Tools\Binn\;C:\Program Files\Microsoft SQL Server\110\Tools\Binn\;C:\Program Files (x86)\Microsoft SQL Server\110\DTS\Binn\;C:\Program Files\Microsoft SQL Server\110\DTS\Binn\;C:\Users\HAL02301\AppData\Local\Microsoft\WindowsApps;;C:\Users\HAL02301\OneDrive - HALFORDSGROUP\Desktop;
USERNAME=HAL02301
OS=Windows_NT
PROCESSOR_IDENTIFIER=Intel64 Family 6 Model 58 Stepping 9, GenuineIntel



---------------  S Y S T E M  ---------------

OS: Windows 10 , 64 bit Build 17763 (10.0.17763.475)

CPU:total 4 (initial active 4) (2 cores per cpu, 2 threads per core) family 6 model 58 stepping 9, cmov, cx8, fxsr, mmx, sse, sse2, sse3, ssse3, sse4.1, sse4.2, popcnt, avx, clmul, erms, ht, tsc, tscinvbit, tscinv

Memory: 4k page, system-wide physical 3956M (143M free)
TotalPageFile size 16244M (AvailPageFile size 0M)
current process WorkingSet (physical memory assigned to process): 83M, peak: 83M
current process commit charge ("private bytes"): 150M, peak: 150M

vm_info: Java HotSpot(TM) 64-Bit Server VM (12.0.2+10) for windows-amd64 JRE (12.0.2+10), built on Jul 16 2019 01:56:17 by "mach5one" with MS VC++ 15.5 (VS2017)

END.
